[2018-10-21T11:15:12.780] [INFO] response 
{ clientIp: '::1',
  method: 'POST',
  url: '/api/v1/customs/add',
  body: 
   { name: 'bailiqiang',
     phone: '1111111',
     gender: 'male',
     introducer: '',
     birthday: '',
     weddingday: '',
     email: '',
     address: '',
     comment: '',
     isRemind: 1 },
  response: { status: 404,
     message: 'Not Found',
     header: 
      { 'access-control-allow-origin': 'http://localhost:8080',
        'access-control-allow-credentials': 'true',
        'access-control-allow-methods': 'GET,HEAD,PUT,POST,DELETE' },
     body: undefined },
  ms: 1 }

[2018-10-21T11:15:55.242] [INFO] response 
{ clientIp: '::1',
  method: 'POST',
  url: '/api/v1/customManager/customs/add',
  body: 
   { name: '1',
     phone: '1',
     gender: 'male',
     introducer: '',
     birthday: '',
     weddingday: '',
     email: '',
     address: '',
     comment: '',
     isRemind: 1 },
  response: { status: 405,
     message: 'Method Not Allowed',
     header: 
      { 'access-control-allow-origin': 'http://localhost:8080',
        'access-control-allow-credentials': 'true',
        'access-control-allow-methods': 'GET,HEAD,PUT,POST,DELETE',
        allow: [Array] },
     body: undefined },
  ms: 1 }

[2018-10-21T11:17:35.108] [INFO] response 
{ clientIp: '::1',
  method: 'POST',
  url: '/api/v1/customManager/customs/',
  body: 
   { name: '111',
     phone: '111',
     gender: 'male',
     introducer: '1',
     birthday: '2018-10-21T16:00:00.000Z',
     weddingday: '2018-10-21T16:00:00.000Z',
     email: '1',
     address: '1',
     comment: '1',
     isRemind: '{0}' },
  response: { status: 200,
     message: 'OK',
     header: 
      { 'access-control-allow-origin': 'http://localhost:8080',
        'access-control-allow-credentials': 'true',
        'access-control-allow-methods': 'GET,HEAD,PUT,POST,DELETE',
        'content-type': 'application/json; charset=utf-8' },
     body: { meta: [Object], data: [Object] } },
  ms: 72 }

[2018-10-21T15:04:12.959] [INFO] response 
{ clientIp: '::1',
  method: 'POST',
  url: '/api/v1/customManager/customs/',
  body: 
   { name: '1',
     phone: '1',
     gender: 'male',
     introducer: '',
     birthday: '',
     weddingday: '',
     email: '',
     address: '',
     comment: '',
     isRemind: 1 },
  response: { status: 200,
     message: 'OK',
     header: 
      { 'access-control-allow-origin': 'http://localhost:8080',
        'access-control-allow-credentials': 'true',
        'access-control-allow-methods': 'GET,HEAD,PUT,POST,DELETE',
        'content-type': 'application/json; charset=utf-8' },
     body: { meta: [Object], data: [Object] } },
  ms: 3 }

[2018-10-21T15:04:56.608] [INFO] response 
{ clientIp: '::1',
  method: 'POST',
  url: '/api/v1/customManager/customs/',
  body: 
   { name: '1',
     phone: '1',
     gender: 'male',
     introducer: '',
     birthday: '',
     weddingday: '',
     email: '',
     address: '',
     comment: '',
     isRemind: 1 },
  response: { status: 200,
     message: 'OK',
     header: 
      { 'access-control-allow-origin': 'http://localhost:8080',
        'access-control-allow-credentials': 'true',
        'access-control-allow-methods': 'GET,HEAD,PUT,POST,DELETE',
        'content-type': 'application/json; charset=utf-8' },
     body: { meta: [Object], data: [Object] } },
  ms: 4 }

[2018-10-21T15:05:13.644] [INFO] response 
{ clientIp: '::1',
  method: 'POST',
  url: '/api/v1/customManager/customs/',
  body: 
   { name: '1',
     phone: '1',
     gender: 'male',
     introducer: '',
     birthday: '',
     weddingday: '',
     email: '',
     address: '',
     comment: '',
     isRemind: 1 },
  response: { status: 200,
     message: 'OK',
     header: 
      { 'access-control-allow-origin': 'http://localhost:8080',
        'access-control-allow-credentials': 'true',
        'access-control-allow-methods': 'GET,HEAD,PUT,POST,DELETE',
        'content-type': 'application/json; charset=utf-8' },
     body: { meta: [Object], data: [Object] } },
  ms: 3 }

[2018-10-21T15:07:57.050] [INFO] response 
{ clientIp: '::1',
  method: 'POST',
  url: '/api/v1/customManager/customs/',
  body: 
   { name: '1',
     phone: '1',
     gender: 'male',
     introducer: '',
     birthday: '',
     weddingday: '',
     email: '',
     address: '',
     comment: '',
     isRemind: 1 },
  response: { status: 200,
     message: 'OK',
     header: 
      { 'access-control-allow-origin': 'http://localhost:8080',
        'access-control-allow-credentials': 'true',
        'access-control-allow-methods': 'GET,HEAD,PUT,POST,DELETE',
        'content-type': 'application/json; charset=utf-8' },
     body: { meta: [Object], data: [Object] } },
  ms: 3 }

[2018-10-21T15:12:01.631] [INFO] response 
{ clientIp: '::1',
  method: 'POST',
  url: '/api/v1/customManager/customs/',
  body: 
   { name: '1',
     phone: '1',
     gender: 'male',
     introducer: '',
     birthday: '',
     weddingday: '',
     email: '',
     address: '',
     comment: '',
     isRemind: 1 },
  response: { status: 200,
     message: 'OK',
     header: 
      { 'access-control-allow-origin': 'http://localhost:8080',
        'access-control-allow-credentials': 'true',
        'access-control-allow-methods': 'GET,HEAD,PUT,POST,DELETE',
        'content-type': 'application/json; charset=utf-8' },
     body: { meta: [Object], data: [Object] } },
  ms: 2 }

[2018-10-21T15:12:24.301] [INFO] response 
{ clientIp: '::1',
  method: 'POST',
  url: '/api/v1/customManager/customs/',
  body: 
   { name: '1',
     phone: '1',
     gender: 'male',
     introducer: '',
     birthday: '',
     weddingday: '',
     email: '',
     address: '',
     comment: '',
     isRemind: 1 },
  response: { status: 200,
     message: 'OK',
     header: 
      { 'access-control-allow-origin': 'http://localhost:8080',
        'access-control-allow-credentials': 'true',
        'access-control-allow-methods': 'GET,HEAD,PUT,POST,DELETE',
        'content-type': 'application/json; charset=utf-8' },
     body: { meta: [Object], data: [Object] } },
  ms: 4 }

[2018-10-21T15:13:50.007] [INFO] response 
{ clientIp: '::1',
  method: 'POST',
  url: '/api/v1/customManager/customs/',
  body: 
   { name: 'haha',
     phone: 'hah',
     gender: 'male',
     introducer: '',
     birthday: '',
     weddingday: '',
     email: '',
     address: '',
     comment: '',
     isRemind: 1 },
  response: { status: 200,
     message: 'OK',
     header: 
      { 'access-control-allow-origin': 'http://localhost:8080',
        'access-control-allow-credentials': 'true',
        'access-control-allow-methods': 'GET,HEAD,PUT,POST,DELETE',
        'content-type': 'application/json; charset=utf-8' },
     body: { meta: [Object], data: [Object] } },
  ms: 3 }

[2018-10-21T15:16:36.115] [INFO] response 
{ clientIp: '::1',
  method: 'POST',
  url: '/api/v1/customManager/customs/',
  body: 
   { name: '郝美荣',
     phone: '111',
     gender: 'female',
     introducer: '白立强',
     birthday: '2018-10-29T16:00:00.000Z',
     weddingday: '2018-10-21T16:00:00.000Z',
     email: '494787963@qq.com',
     address: '南京市建邺区升龙河西公馆',
     comment: '年底交工',
     isRemind: '1' },
  response: { status: 200,
     message: 'OK',
     header: 
      { 'access-control-allow-origin': 'http://localhost:8080',
        'access-control-allow-credentials': 'true',
        'access-control-allow-methods': 'GET,HEAD,PUT,POST,DELETE',
        'content-type': 'application/json; charset=utf-8' },
     body: { meta: [Object], data: [Object] } },
  ms: 3 }

[2018-10-21T15:32:09.710] [INFO] response 
{ clientIp: '::1',
  method: 'GET',
  url: '/api/v1/customManager/customs/',
  body: {},
  response: { status: 200,
     message: 'OK',
     header: 
      { 'access-control-allow-origin': 'http://localhost:8080',
        'access-control-allow-credentials': 'true',
        'access-control-allow-methods': 'GET,HEAD,PUT,POST,DELETE',
        'content-type': 'application/json; charset=utf-8' },
     body: { meta: [Object], data: [Array] } },
  ms: 37876 }

[2018-10-21T15:32:09.722] [INFO] response 
{ clientIp: '::1',
  method: 'GET',
  url: '/api/v1/customManager/customs/',
  body: {},
  response: { status: 200,
     message: 'OK',
     header: 
      { 'access-control-allow-origin': 'http://localhost:8080',
        'access-control-allow-credentials': 'true',
        'access-control-allow-methods': 'GET,HEAD,PUT,POST,DELETE',
        'content-type': 'application/json; charset=utf-8' },
     body: { meta: [Object], data: [Array] } },
  ms: 7 }

[2018-10-21T15:32:18.370] [INFO] response 
{ clientIp: '::1',
  method: 'GET',
  url: '/api/v1/customManager/customs/',
  body: {},
  response: { status: 200,
     message: 'OK',
     header: 
      { 'access-control-allow-origin': 'http://localhost:8080',
        'access-control-allow-credentials': 'true',
        'access-control-allow-methods': 'GET,HEAD,PUT,POST,DELETE',
        'content-type': 'application/json; charset=utf-8' },
     body: { meta: [Object], data: [Array] } },
  ms: 4 }

[2018-10-21T15:32:38.620] [INFO] response 
{ clientIp: '::1',
  method: 'GET',
  url: '/api/v1/customManager/customs/',
  body: {},
  response: { status: 200,
     message: 'OK',
     header: 
      { 'access-control-allow-origin': 'http://localhost:8080',
        'access-control-allow-credentials': 'true',
        'access-control-allow-methods': 'GET,HEAD,PUT,POST,DELETE',
        'content-type': 'application/json; charset=utf-8' },
     body: { meta: [Object], data: [Array] } },
  ms: 4 }

[2018-10-21T15:33:35.339] [INFO] response 
{ clientIp: '::1',
  method: 'GET',
  url: '/api/v1/customManager/customs/',
  body: {},
  response: { status: 200,
     message: 'OK',
     header: 
      { 'access-control-allow-origin': 'http://localhost:8080',
        'access-control-allow-credentials': 'true',
        'access-control-allow-methods': 'GET,HEAD,PUT,POST,DELETE',
        'content-type': 'application/json; charset=utf-8' },
     body: { meta: [Object], data: [Array] } },
  ms: 4 }

[2018-10-21T15:35:49.031] [INFO] response 
{ clientIp: '::1',
  method: 'GET',
  url: '/api/v1/customManager/customs/',
  body: {},
  response: { status: 200,
     message: 'OK',
     header: 
      { 'access-control-allow-origin': 'http://localhost:8080',
        'access-control-allow-credentials': 'true',
        'access-control-allow-methods': 'GET,HEAD,PUT,POST,DELETE',
        'content-type': 'application/json; charset=utf-8' },
     body: { meta: [Object], data: [Array] } },
  ms: 3 }

[2018-10-21T15:35:58.785] [INFO] response 
{ clientIp: '::1',
  method: 'GET',
  url: '/api/v1/customManager/customs/',
  body: {},
  response: { status: 200,
     message: 'OK',
     header: 
      { 'access-control-allow-origin': 'http://localhost:8080',
        'access-control-allow-credentials': 'true',
        'access-control-allow-methods': 'GET,HEAD,PUT,POST,DELETE',
        'content-type': 'application/json; charset=utf-8' },
     body: { meta: [Object], data: [Array] } },
  ms: 4 }

[2018-10-21T17:39:42.960] [INFO] response 
{ clientIp: '::1',
  method: 'GET',
  url: '/api/v1/customManager/customs/',
  body: {},
  response: { status: 200,
     message: 'OK',
     header: 
      { 'access-control-allow-origin': 'http://localhost:8080',
        'access-control-allow-credentials': 'true',
        'access-control-allow-methods': 'GET,HEAD,PUT,POST,DELETE',
        'content-type': 'application/json; charset=utf-8' },
     body: { meta: [Object], data: [Array] } },
  ms: 4 }

[2018-10-21T17:40:58.168] [INFO] response 
{ clientIp: '::1',
  method: 'GET',
  url: '/api/v1/customManager/customs/',
  body: {},
  response: { status: 200,
     message: 'OK',
     header: 
      { 'access-control-allow-origin': 'http://localhost:8080',
        'access-control-allow-credentials': 'true',
        'access-control-allow-methods': 'GET,HEAD,PUT,POST,DELETE',
        'content-type': 'application/json; charset=utf-8' },
     body: { meta: [Object], data: [Array] } },
  ms: 4 }

[2018-10-21T18:44:53.889] [INFO] response 
{ clientIp: '::1',
  method: 'GET',
  url: '/api/v1/customManager/customs/',
  body: {},
  response: { status: 200,
     message: 'OK',
     header: 
      { 'access-control-allow-origin': 'http://localhost:8080',
        'access-control-allow-credentials': 'true',
        'access-control-allow-methods': 'GET,HEAD,PUT,POST,DELETE',
        'content-type': 'application/json; charset=utf-8' },
     body: { meta: [Object], data: [Array] } },
  ms: 36 }

[2018-10-21T18:46:18.565] [INFO] response 
{ clientIp: '::1',
  method: 'GET',
  url: '/api/v1/customManager/customs/',
  body: {},
  response: { status: 200,
     message: 'OK',
     header: 
      { 'access-control-allow-origin': 'http://localhost:8080',
        'access-control-allow-credentials': 'true',
        'access-control-allow-methods': 'GET,HEAD,PUT,POST,DELETE',
        'content-type': 'application/json; charset=utf-8' },
     body: { meta: [Object], data: [Array] } },
  ms: 31 }

[2018-10-21T18:52:51.062] [INFO] response 
{ clientIp: '::1',
  method: 'GET',
  url: '/api/v1/customManager/customs/',
  body: {},
  response: { status: 200,
     message: 'OK',
     header: 
      { 'access-control-allow-origin': 'http://localhost:8080',
        'access-control-allow-credentials': 'true',
        'access-control-allow-methods': 'GET,HEAD,PUT,POST,DELETE',
        'content-type': 'application/json; charset=utf-8' },
     body: { meta: [Object], data: [Array] } },
  ms: 8 }

[2018-10-21T18:58:23.322] [INFO] response 
{ clientIp: '::1',
  method: 'GET',
  url: '/api/v1/customManager/customs/',
  body: {},
  response: { status: 200,
     message: 'OK',
     header: 
      { 'access-control-allow-origin': 'http://localhost:8080',
        'access-control-allow-credentials': 'true',
        'access-control-allow-methods': 'GET,HEAD,PUT,POST,DELETE',
        'content-type': 'application/json; charset=utf-8' },
     body: { meta: [Object], data: [Array] } },
  ms: 5 }

[2018-10-21T19:20:43.259] [INFO] response 
{ clientIp: '::1',
  method: 'GET',
  url: '/api/v1/customManager/customs/',
  body: {},
  response: { status: 404,
     message: 'Not Found',
     header: 
      { 'access-control-allow-origin': 'http://localhost:8080',
        'access-control-allow-credentials': 'true',
        'access-control-allow-methods': 'GET,HEAD,PUT,POST,DELETE' },
     body: undefined },
  ms: 5 }

[2018-10-21T19:21:40.337] [INFO] response 
{ clientIp: '::1',
  method: 'GET',
  url: '/api/v1/customManager/customs/',
  body: {},
  response: { status: 404,
     message: 'Not Found',
     header: 
      { 'access-control-allow-origin': 'http://localhost:8080',
        'access-control-allow-credentials': 'true',
        'access-control-allow-methods': 'GET,HEAD,PUT,POST,DELETE' },
     body: undefined },
  ms: 5 }

[2018-10-21T19:22:57.301] [INFO] response 
{ clientIp: '::1',
  method: 'GET',
  url: '/api/v1/customManager/customs/',
  body: {},
  response: { status: 404,
     message: 'Not Found',
     header: 
      { 'access-control-allow-origin': '*',
        'access-control-allow-credentials': 'true',
        'access-control-allow-methods': 'GET,HEAD,PUT,POST,DELETE' },
     body: undefined },
  ms: 3 }

[2018-10-21T19:23:16.713] [INFO] response 
{ clientIp: '::1',
  method: 'GET',
  url: '/api/v1/customManager/customs/',
  body: {},
  response: { status: 500,
     message: 'Internal Server Error',
     header: 
      { 'access-control-allow-origin': '*',
        'access-control-allow-credentials': 'true',
        'access-control-allow-methods': 'GET,HEAD,PUT,POST,DELETE',
        'content-type': 'application/json; charset=utf-8' },
     body: { meta: [Object] } },
  ms: 4 }

[2018-10-21T19:23:44.958] [INFO] response 
{ clientIp: '::1',
  method: 'GET',
  url: '/api/v1/customManager/customs/',
  body: {},
  response: { status: 500,
     message: 'Internal Server Error',
     header: 
      { 'access-control-allow-origin': 'http://localhost:8080',
        'access-control-allow-credentials': 'true',
        'access-control-allow-methods': 'GET,HEAD,PUT,POST,DELETE',
        'content-type': 'application/json; charset=utf-8' },
     body: { meta: [Object] } },
  ms: 1 }

[2018-10-21T19:24:11.439] [INFO] response 
{ clientIp: '::1',
  method: 'GET',
  url: '/api/v1/customManager/customs/',
  body: {},
  response: { status: 500,
     message: 'Internal Server Error',
     header: 
      { 'access-control-allow-origin': 'http://localhost:8080',
        'access-control-allow-credentials': 'true',
        'access-control-allow-methods': 'GET,HEAD,PUT,POST,DELETE',
        'content-type': 'application/json; charset=utf-8' },
     body: { meta: [Object] } },
  ms: 6 }

[2018-10-21T19:42:54.195] [INFO] response 
{ clientIp: '::1',
  method: 'GET',
  url: '/api/v1/customManager/customs/',
  body: {},
  response: { status: 200,
     message: 'OK',
     header: 
      { 'access-control-allow-origin': 'http://localhost:8080',
        'access-control-allow-credentials': 'true',
        'access-control-allow-methods': 'GET,HEAD,PUT,POST,DELETE',
        'content-type': 'application/json; charset=utf-8' },
     body: { meta: [Object], data: [Array] } },
  ms: 83211 }

[2018-10-21T19:42:54.362] [INFO] response 
{ clientIp: '::1',
  method: 'POST',
  url: '/api/v1/customManager/customs/',
  body: 
   { name: '陈涵',
     phone: '111111111',
     gender: 'male',
     introducer: '叶家宇',
     birthday: '2018-10-20T16:00:00.000Z',
     weddingday: '2018-10-21T16:00:00.000Z',
     email: '111231313123',
     address: '地址1',
     comment: '备注1',
     isRemind: 1 },
  response: { status: 200,
     message: 'OK',
     header: 
      { 'access-control-allow-origin': 'http://localhost:8080',
        'access-control-allow-credentials': 'true',
        'access-control-allow-methods': 'GET,HEAD,PUT,POST,DELETE',
        'content-type': 'application/json; charset=utf-8' },
     body: { meta: [Object], data: [Object] } },
  ms: 10 }

[2018-10-21T19:43:07.954] [INFO] response 
{ clientIp: '::1',
  method: 'GET',
  url: '/api/v1/customManager/customs/',
  body: {},
  response: { status: 200,
     message: 'OK',
     header: 
      { 'access-control-allow-origin': 'http://localhost:8080',
        'access-control-allow-credentials': 'true',
        'access-control-allow-methods': 'GET,HEAD,PUT,POST,DELETE',
        'content-type': 'application/json; charset=utf-8' },
     body: { meta: [Object], data: [Array] } },
  ms: 4704 }

[2018-10-21T19:49:16.551] [INFO] response 
{ clientIp: '::1',
  method: 'GET',
  url: '/api/v1/customManager/customs/?byDate=true',
  body: {},
  response: { status: 200,
     message: 'OK',
     header: 
      { 'access-control-allow-origin': 'http://localhost:8080',
        'access-control-allow-credentials': 'true',
        'access-control-allow-methods': 'GET,HEAD,PUT,POST,DELETE',
        'content-type': 'application/json; charset=utf-8' },
     body: { meta: [Object], data: [] } },
  ms: 109321 }

[2018-10-21T19:49:19.012] [INFO] response 
{ clientIp: '::1',
  method: 'GET',
  url: '/api/v1/customManager/customs/',
  body: {},
  response: { status: 200,
     message: 'OK',
     header: 
      { 'access-control-allow-origin': 'http://localhost:8080',
        'access-control-allow-credentials': 'true',
        'access-control-allow-methods': 'GET,HEAD,PUT,POST,DELETE',
        'content-type': 'application/json; charset=utf-8' },
     body: { meta: [Object], data: [] } },
  ms: 2419 }

[2018-10-21T19:49:19.063] [INFO] response 
{ clientIp: '::1',
  method: 'POST',
  url: '/api/v1/customManager/customs/',
  body: 
   { name: '郝美荣',
     phone: '1111',
     gender: 'female',
     introducer: '白立强',
     birthday: '2018-10-20T16:00:00.000Z',
     weddingday: '2018-10-20T16:00:00.000Z',
     email: '494787963@qq.com',
     address: '升龙',
     comment: '备注',
     isRemind: '0' },
  response: { status: 200,
     message: 'OK',
     header: 
      { 'access-control-allow-origin': 'http://localhost:8080',
        'access-control-allow-credentials': 'true',
        'access-control-allow-methods': 'GET,HEAD,PUT,POST,DELETE',
        'content-type': 'application/json; charset=utf-8' },
     body: { meta: [Object], data: [Object] } },
  ms: 66 }

[2018-10-21T19:49:38.826] [INFO] response 
{ clientIp: '::1',
  method: 'GET',
  url: '/api/v1/customManager/customs/',
  body: {},
  response: { status: 200,
     message: 'OK',
     header: 
      { 'access-control-allow-origin': 'http://localhost:8080',
        'access-control-allow-credentials': 'true',
        'access-control-allow-methods': 'GET,HEAD,PUT,POST,DELETE',
        'content-type': 'application/json; charset=utf-8' },
     body: { meta: [Object], data: [Array] } },
  ms: 10118 }

[2018-10-21T19:49:39.888] [INFO] response 
{ clientIp: '::1',
  method: 'GET',
  url: '/api/v1/customManager/customs/',
  body: {},
  response: { status: 200,
     message: 'OK',
     header: 
      { 'access-control-allow-origin': 'http://localhost:8080',
        'access-control-allow-credentials': 'true',
        'access-control-allow-methods': 'GET,HEAD,PUT,POST,DELETE',
        'content-type': 'application/json; charset=utf-8' },
     body: { meta: [Object], data: [Array] } },
  ms: 1059 }

[2018-10-21T19:51:04.937] [INFO] response 
{ clientIp: '::1',
  method: 'GET',
  url: '/api/v1/customManager/customs/?byDate=true',
  body: {},
  response: { status: 200,
     message: 'OK',
     header: 
      { 'access-control-allow-origin': 'http://localhost:8080',
        'access-control-allow-credentials': 'true',
        'access-control-allow-methods': 'GET,HEAD,PUT,POST,DELETE',
        'content-type': 'application/json; charset=utf-8' },
     body: { meta: [Object], data: [] } },
  ms: 64772 }

[2018-10-21T19:51:13.575] [INFO] response 
{ clientIp: '::1',
  method: 'GET',
  url: '/api/v1/customManager/customs/',
  body: {},
  response: { status: 200,
     message: 'OK',
     header: 
      { 'access-control-allow-origin': 'http://localhost:8080',
        'access-control-allow-credentials': 'true',
        'access-control-allow-methods': 'GET,HEAD,PUT,POST,DELETE',
        'content-type': 'application/json; charset=utf-8' },
     body: { meta: [Object], data: [Array] } },
  ms: 8632 }

[2018-10-21T19:56:27.158] [INFO] response 
{ clientIp: '::1',
  method: 'GET',
  url: '/api/v1/customManager/customs/',
  body: {},
  response: { status: 200,
     message: 'OK',
     header: 
      { 'access-control-allow-origin': 'http://localhost:8080',
        'access-control-allow-credentials': 'true',
        'access-control-allow-methods': 'GET,HEAD,PUT,POST,DELETE',
        'content-type': 'application/json; charset=utf-8' },
     body: { meta: [Object], data: [Array] } },
  ms: 46763 }

[2018-10-21T23:04:47.889] [INFO] response 
{ clientIp: '::1',
  method: 'GET',
  url: '/api/v1/customManager/customs/?byDate=true',
  body: {},
  response: { status: 500,
     message: 'Internal Server Error',
     header: 
      { 'access-control-allow-origin': 'http://localhost:8080',
        'access-control-allow-credentials': 'true',
        'access-control-allow-methods': 'GET,HEAD,PUT,POST,DELETE',
        'content-type': 'application/json; charset=utf-8' },
     body: { meta: [Object] } },
  ms: 10 }

[2018-10-21T23:06:17.152] [INFO] response 
{ clientIp: '::1',
  method: 'GET',
  url: '/api/v1/customManager/customs/?byDate=true',
  body: {},
  response: { status: 500,
     message: 'Internal Server Error',
     header: 
      { 'access-control-allow-origin': 'http://localhost:8080',
        'access-control-allow-credentials': 'true',
        'access-control-allow-methods': 'GET,HEAD,PUT,POST,DELETE',
        'content-type': 'application/json; charset=utf-8' },
     body: { meta: [Object] } },
  ms: 70788 }

[2018-10-21T23:12:42.013] [INFO] response 
{ clientIp: '::1',
  method: 'GET',
  url: '/api/v1/customManager/customs/?byDate=true',
  body: {},
  response: { status: 500,
     message: 'Internal Server Error',
     header: 
      { 'access-control-allow-origin': 'http://localhost:8080',
        'access-control-allow-credentials': 'true',
        'access-control-allow-methods': 'GET,HEAD,PUT,POST,DELETE',
        'content-type': 'application/json; charset=utf-8' },
     body: { meta: [Object] } },
  ms: 77668 }

[2018-10-21T23:15:55.793] [INFO] response 
{ clientIp: '::1',
  method: 'GET',
  url: '/api/v1/customManager/customs/?byDate=true',
  body: {},
  response: { status: 500,
     message: 'Internal Server Error',
     header: 
      { 'access-control-allow-origin': 'http://localhost:8080',
        'access-control-allow-credentials': 'true',
        'access-control-allow-methods': 'GET,HEAD,PUT,POST,DELETE',
        'content-type': 'application/json; charset=utf-8' },
     body: { meta: [Object] } },
  ms: 10 }

[2018-10-21T23:16:32.429] [INFO] response 
{ clientIp: '::1',
  method: 'GET',
  url: '/api/v1/customManager/customs/?byDate=true',
  body: {},
  response: { status: 500,
     message: 'Internal Server Error',
     header: 
      { 'access-control-allow-origin': 'http://localhost:8080',
        'access-control-allow-credentials': 'true',
        'access-control-allow-methods': 'GET,HEAD,PUT,POST,DELETE',
        'content-type': 'application/json; charset=utf-8' },
     body: { meta: [Object] } },
  ms: 22997 }

[2018-10-21T23:17:10.755] [INFO] response 
{ clientIp: '::1',
  method: 'GET',
  url: '/api/v1/customManager/customs/?byDate=true',
  body: {},
  response: { status: 500,
     message: 'Internal Server Error',
     header: 
      { 'access-control-allow-origin': 'http://localhost:8080',
        'access-control-allow-credentials': 'true',
        'access-control-allow-methods': 'GET,HEAD,PUT,POST,DELETE',
        'content-type': 'application/json; charset=utf-8' },
     body: { meta: [Object] } },
  ms: 23738 }

[2018-10-21T23:18:48.746] [INFO] response 
{ clientIp: '::1',
  method: 'GET',
  url: '/api/v1/customManager/customs/?byDate=true',
  body: {},
  response: { status: 200,
     message: 'OK',
     header: 
      { 'access-control-allow-origin': 'http://localhost:8080',
        'access-control-allow-credentials': 'true',
        'access-control-allow-methods': 'GET,HEAD,PUT,POST,DELETE',
        'content-type': 'application/json; charset=utf-8' },
     body: { meta: [Object], data: [Array] } },
  ms: 10209 }

[2018-10-21T23:22:14.536] [INFO] response 
{ clientIp: '::1',
  method: 'GET',
  url: '/api/v1/customManager/customs/?byDate=true',
  body: {},
  response: { status: 200,
     message: 'OK',
     header: 
      { 'access-control-allow-origin': 'http://localhost:8080',
        'access-control-allow-credentials': 'true',
        'access-control-allow-methods': 'GET,HEAD,PUT,POST,DELETE',
        'content-type': 'application/json; charset=utf-8' },
     body: { meta: [Object], data: [Array] } },
  ms: 13949 }

[2018-10-21T23:25:11.611] [INFO] response 
{ clientIp: '::1',
  method: 'GET',
  url: '/api/v1/customManager/customs/?byDate=true',
  body: {},
  response: { status: 500,
     message: 'Internal Server Error',
     header: 
      { 'access-control-allow-origin': 'http://localhost:8080',
        'access-control-allow-credentials': 'true',
        'access-control-allow-methods': 'GET,HEAD,PUT,POST,DELETE',
        'content-type': 'application/json; charset=utf-8' },
     body: { meta: [Object] } },
  ms: 4366 }

[2018-10-21T23:25:25.054] [INFO] response 
{ clientIp: '::1',
  method: 'GET',
  url: '/api/v1/customManager/customs/?byDate=true',
  body: {},
  response: { status: 500,
     message: 'Internal Server Error',
     header: 
      { 'access-control-allow-origin': 'http://localhost:8080',
        'access-control-allow-credentials': 'true',
        'access-control-allow-methods': 'GET,HEAD,PUT,POST,DELETE',
        'content-type': 'application/json; charset=utf-8' },
     body: { meta: [Object] } },
  ms: 2265 }

[2018-10-21T23:25:38.865] [INFO] response 
{ clientIp: '::1',
  method: 'GET',
  url: '/api/v1/customManager/customs/?byDate=true',
  body: {},
  response: { status: 500,
     message: 'Internal Server Error',
     header: 
      { 'access-control-allow-origin': 'http://localhost:8080',
        'access-control-allow-credentials': 'true',
        'access-control-allow-methods': 'GET,HEAD,PUT,POST,DELETE',
        'content-type': 'application/json; charset=utf-8' },
     body: { meta: [Object] } },
  ms: 2114 }

[2018-10-21T23:26:07.322] [INFO] response 
{ clientIp: '::1',
  method: 'GET',
  url: '/api/v1/customManager/customs/?byDate=true',
  body: {},
  response: { status: 500,
     message: 'Internal Server Error',
     header: 
      { 'access-control-allow-origin': 'http://localhost:8080',
        'access-control-allow-credentials': 'true',
        'access-control-allow-methods': 'GET,HEAD,PUT,POST,DELETE',
        'content-type': 'application/json; charset=utf-8' },
     body: { meta: [Object] } },
  ms: 7553 }

