[2018-10-23T12:09:54.611] [INFO] response 
{ clientIp: '::1',
  method: 'GET',
  url: '/api/v1/customManager/customs/?byDate=true',
  body: {},
  response: { status: 500,
     message: 'Internal Server Error',
     header: 
      { 'access-control-allow-origin': 'http://localhost:8080',
        'access-control-allow-credentials': 'true',
        'access-control-allow-methods': 'GET,HEAD,PUT,POST,DELETE',
        'content-type': 'application/json; charset=utf-8' },
     body: { meta: [Object] } },
  ms: 9 }

[2018-10-23T12:10:55.644] [INFO] response 
{ clientIp: '::1',
  method: 'GET',
  url: '/api/v1/customManager/customs/?byDate=true',
  body: {},
  response: { status: 500,
     message: 'Internal Server Error',
     header: 
      { 'access-control-allow-origin': 'http://localhost:8080',
        'access-control-allow-credentials': 'true',
        'access-control-allow-methods': 'GET,HEAD,PUT,POST,DELETE',
        'content-type': 'application/json; charset=utf-8' },
     body: { meta: [Object] } },
  ms: 14 }

[2018-10-23T12:13:15.176] [INFO] response 
{ clientIp: '::1',
  method: 'GET',
  url: '/api/v1/customManager/customs/?byDate=true',
  body: {},
  response: { status: 200,
     message: 'OK',
     header: 
      { 'access-control-allow-origin': 'http://localhost:8080',
        'access-control-allow-credentials': 'true',
        'access-control-allow-methods': 'GET,HEAD,PUT,POST,DELETE',
        'content-type': 'application/json; charset=utf-8' },
     body: { meta: [Object], data: [Array] } },
  ms: 4026 }

[2018-10-23T12:14:48.596] [INFO] response 
{ clientIp: '::1',
  method: 'GET',
  url: '/api/v1/customManager/customs/?byDate=true',
  body: {},
  response: { status: 200,
     message: 'OK',
     header: 
      { 'access-control-allow-origin': 'http://localhost:8080',
        'access-control-allow-credentials': 'true',
        'access-control-allow-methods': 'GET,HEAD,PUT,POST,DELETE',
        'content-type': 'application/json; charset=utf-8' },
     body: { meta: [Object], data: [Array] } },
  ms: 5336 }

[2018-10-23T12:16:19.251] [INFO] response 
{ clientIp: '::1',
  method: 'GET',
  url: '/api/v1/customManager/customs/?byDate=true',
  body: {},
  response: { status: 200,
     message: 'OK',
     header: 
      { 'access-control-allow-origin': 'http://localhost:8080',
        'access-control-allow-credentials': 'true',
        'access-control-allow-methods': 'GET,HEAD,PUT,POST,DELETE',
        'content-type': 'application/json; charset=utf-8' },
     body: { meta: [Object], data: [Array] } },
  ms: 13 }

[2018-10-23T12:21:28.971] [INFO] response 
{ clientIp: '::1',
  method: 'GET',
  url: '/api/v1/customManager/customs/?byDate=true',
  body: {},
  response: { status: 200,
     message: 'OK',
     header: 
      { 'access-control-allow-origin': 'http://localhost:8080',
        'access-control-allow-credentials': 'true',
        'access-control-allow-methods': 'GET,HEAD,PUT,POST,DELETE',
        'content-type': 'application/json; charset=utf-8' },
     body: { meta: [Object], data: [Array] } },
  ms: 13 }

[2018-10-23T12:21:58.261] [INFO] response 
{ clientIp: '::1',
  method: 'GET',
  url: '/api/v1/customManager/customs/',
  body: {},
  response: { status: 200,
     message: 'OK',
     header: 
      { 'access-control-allow-origin': 'http://localhost:8080',
        'access-control-allow-credentials': 'true',
        'access-control-allow-methods': 'GET,HEAD,PUT,POST,DELETE',
        'content-type': 'application/json; charset=utf-8' },
     body: { meta: [Object], data: [Array] } },
  ms: 11 }

[2018-10-23T12:39:43.252] [INFO] response 
{ clientIp: '::1',
  method: 'GET',
  url: '/api/v1/customManager/customs/',
  body: {},
  response: { status: 200,
     message: 'OK',
     header: 
      { 'access-control-allow-origin': 'http://localhost:8080',
        'access-control-allow-credentials': 'true',
        'access-control-allow-methods': 'GET,HEAD,PUT,POST,DELETE',
        'content-type': 'application/json; charset=utf-8' },
     body: { meta: [Object], data: [Array] } },
  ms: 8 }

