[2018-10-22T12:28:12.908] [INFO] response 
{ clientIp: '::1',
  method: 'GET',
  url: '/api/v1/customManager/customs/?byDate=true',
  body: {},
  response: { status: 500,
     message: 'Internal Server Error',
     header: 
      { 'access-control-allow-origin': 'http://localhost:8080',
        'access-control-allow-credentials': 'true',
        'access-control-allow-methods': 'GET,HEAD,PUT,POST,DELETE',
        'content-type': 'application/json; charset=utf-8' },
     body: { meta: [Object] } },
  ms: 217854 }

[2018-10-22T12:28:24.823] [INFO] response 
{ clientIp: '::1',
  method: 'GET',
  url: '/api/v1/customManager/customs/?byDate=true',
  body: {},
  response: { status: 500,
     message: 'Internal Server Error',
     header: 
      { 'access-control-allow-origin': 'http://localhost:8080',
        'access-control-allow-credentials': 'true',
        'access-control-allow-methods': 'GET,HEAD,PUT,POST,DELETE',
        'content-type': 'application/json; charset=utf-8' },
     body: { meta: [Object] } },
  ms: 13092 }

[2018-10-22T12:28:24.824] [INFO] response 
{ clientIp: '::1',
  method: 'GET',
  url: '/api/v1/customManager/customs/?byDate=true',
  body: {},
  response: { status: 500,
     message: 'Internal Server Error',
     header: 
      { 'access-control-allow-origin': 'http://localhost:8080',
        'access-control-allow-credentials': 'true',
        'access-control-allow-methods': 'GET,HEAD,PUT,POST,DELETE',
        'content-type': 'application/json; charset=utf-8' },
     body: { meta: [Object] } },
  ms: 13092 }

[2018-10-22T12:28:43.128] [INFO] response 
{ clientIp: '::1',
  method: 'GET',
  url: '/api/v1/customManager/customs/?byDate=true',
  body: {},
  response: { status: 200,
     message: 'OK',
     header: 
      { 'access-control-allow-origin': 'http://localhost:8080',
        'access-control-allow-credentials': 'true',
        'access-control-allow-methods': 'GET,HEAD,PUT,POST,DELETE',
        'content-type': 'application/json; charset=utf-8' },
     body: { meta: [Object], data: [Array] } },
  ms: 45 }

[2018-10-22T12:29:43.843] [INFO] response 
{ clientIp: '::1',
  method: 'GET',
  url: '/api/v1/customManager/customs/?byDate=true',
  body: {},
  response: { status: 200,
     message: 'OK',
     header: 
      { 'access-control-allow-origin': 'http://localhost:8080',
        'access-control-allow-credentials': 'true',
        'access-control-allow-methods': 'GET,HEAD,PUT,POST,DELETE',
        'content-type': 'application/json; charset=utf-8' },
     body: { meta: [Object], data: [Array] } },
  ms: 12 }

[2018-10-22T12:29:50.964] [INFO] response 
{ clientIp: '::1',
  method: 'GET',
  url: '/api/v1/customManager/customs/?byDate=true',
  body: {},
  response: { status: 200,
     message: 'OK',
     header: 
      { 'access-control-allow-origin': 'http://localhost:8080',
        'access-control-allow-credentials': 'true',
        'access-control-allow-methods': 'GET,HEAD,PUT,POST,DELETE',
        'content-type': 'application/json; charset=utf-8' },
     body: { meta: [Object], data: [Array] } },
  ms: 8 }

[2018-10-22T12:31:36.559] [INFO] response 
{ clientIp: '::1',
  method: 'GET',
  url: '/api/v1/customManager/customs/?byDate=true',
  body: {},
  response: { status: 200,
     message: 'OK',
     header: 
      { 'access-control-allow-origin': 'http://localhost:8080',
        'access-control-allow-credentials': 'true',
        'access-control-allow-methods': 'GET,HEAD,PUT,POST,DELETE',
        'content-type': 'application/json; charset=utf-8' },
     body: { meta: [Object], data: [Array] } },
  ms: 10 }

[2018-10-22T12:37:44.067] [INFO] response 
{ clientIp: '::1',
  method: 'GET',
  url: '/api/v1/customManager/customs/?byDate=true',
  body: {},
  response: { status: 200,
     message: 'OK',
     header: 
      { 'access-control-allow-origin': 'http://localhost:8080',
        'access-control-allow-credentials': 'true',
        'access-control-allow-methods': 'GET,HEAD,PUT,POST,DELETE',
        'content-type': 'application/json; charset=utf-8' },
     body: { meta: [Object], data: [Array] } },
  ms: 14 }

[2018-10-22T12:38:45.648] [INFO] response 
{ clientIp: '::1',
  method: 'GET',
  url: '/api/v1/customManager/customs/?byDate=true',
  body: {},
  response: { status: 200,
     message: 'OK',
     header: 
      { 'access-control-allow-origin': 'http://localhost:8080',
        'access-control-allow-credentials': 'true',
        'access-control-allow-methods': 'GET,HEAD,PUT,POST,DELETE',
        'content-type': 'application/json; charset=utf-8' },
     body: { meta: [Object], data: [Array] } },
  ms: 11 }

[2018-10-22T12:42:32.273] [INFO] response 
{ clientIp: '::1',
  method: 'GET',
  url: '/api/v1/customManager/customs/?byDate=true',
  body: {},
  response: { status: 200,
     message: 'OK',
     header: 
      { 'access-control-allow-origin': 'http://localhost:8080',
        'access-control-allow-credentials': 'true',
        'access-control-allow-methods': 'GET,HEAD,PUT,POST,DELETE',
        'content-type': 'application/json; charset=utf-8' },
     body: { meta: [Object], data: [Array] } },
  ms: 13 }

[2018-10-22T12:44:19.369] [INFO] response 
{ clientIp: '::1',
  method: 'GET',
  url: '/api/v1/customManager/customs/?byDate=true',
  body: {},
  response: { status: 200,
     message: 'OK',
     header: 
      { 'access-control-allow-origin': 'http://localhost:8080',
        'access-control-allow-credentials': 'true',
        'access-control-allow-methods': 'GET,HEAD,PUT,POST,DELETE',
        'content-type': 'application/json; charset=utf-8' },
     body: { meta: [Object], data: [Array] } },
  ms: 9 }

[2018-10-22T12:44:21.150] [INFO] response 
{ clientIp: '::1',
  method: 'GET',
  url: '/api/v1/customManager/customs/?byDate=true',
  body: {},
  response: { status: 200,
     message: 'OK',
     header: 
      { 'access-control-allow-origin': 'http://localhost:8080',
        'access-control-allow-credentials': 'true',
        'access-control-allow-methods': 'GET,HEAD,PUT,POST,DELETE',
        'content-type': 'application/json; charset=utf-8' },
     body: { meta: [Object], data: [Array] } },
  ms: 10 }

[2018-10-22T23:24:26.921] [INFO] response 
{ clientIp: '::1',
  method: 'GET',
  url: '/api/v1/customManager/customs/?byDate=true',
  body: {},
  response: { status: 200,
     message: 'OK',
     header: 
      { 'access-control-allow-origin': 'http://localhost:8080',
        'access-control-allow-credentials': 'true',
        'access-control-allow-methods': 'GET,HEAD,PUT,POST,DELETE',
        'content-type': 'application/json; charset=utf-8' },
     body: { meta: [Object], data: [Array] } },
  ms: 50 }

[2018-10-22T23:26:13.928] [INFO] response 
{ clientIp: '::1',
  method: 'GET',
  url: '/api/v1/customManager/customs/',
  body: {},
  response: { status: 200,
     message: 'OK',
     header: 
      { 'access-control-allow-origin': 'http://localhost:8080',
        'access-control-allow-credentials': 'true',
        'access-control-allow-methods': 'GET,HEAD,PUT,POST,DELETE',
        'content-type': 'application/json; charset=utf-8' },
     body: { meta: [Object], data: [Array] } },
  ms: 69863 }

[2018-10-22T23:26:14.008] [INFO] response 
{ clientIp: '::1',
  method: 'POST',
  url: '/api/v1/customManager/customs/',
  body: 
   { name: '郝美荣的儿子',
     phone: '17602538862',
     gender: 'male',
     introducer: '',
     birthday: '2018-07-13T16:00:00.000Z',
     weddingday: '',
     email: '',
     address: '',
     comment: '',
     isRemind: '1' },
  response: { status: 200,
     message: 'OK',
     header: 
      { 'access-control-allow-origin': 'http://localhost:8080',
        'access-control-allow-credentials': 'true',
        'access-control-allow-methods': 'GET,HEAD,PUT,POST,DELETE',
        'content-type': 'application/json; charset=utf-8' },
     body: { meta: [Object], data: [Object] } },
  ms: 13 }

[2018-10-22T23:26:32.955] [INFO] response 
{ clientIp: '::1',
  method: 'GET',
  url: '/api/v1/customManager/customs/',
  body: {},
  response: { status: 200,
     message: 'OK',
     header: 
      { 'access-control-allow-origin': 'http://localhost:8080',
        'access-control-allow-credentials': 'true',
        'access-control-allow-methods': 'GET,HEAD,PUT,POST,DELETE',
        'content-type': 'application/json; charset=utf-8' },
     body: { meta: [Object], data: [Array] } },
  ms: 7331 }

[2018-10-22T23:27:12.568] [INFO] response 
{ clientIp: '::1',
  method: 'GET',
  url: '/api/v1/customManager/customs/',
  body: {},
  response: { status: 200,
     message: 'OK',
     header: 
      { 'access-control-allow-origin': 'http://localhost:8080',
        'access-control-allow-credentials': 'true',
        'access-control-allow-methods': 'GET,HEAD,PUT,POST,DELETE',
        'content-type': 'application/json; charset=utf-8' },
     body: { meta: [Object], data: [Array] } },
  ms: 7 }

[2018-10-22T23:27:19.683] [INFO] response 
{ clientIp: '::1',
  method: 'GET',
  url: '/api/v1/customManager/customs/',
  body: {},
  response: { status: 200,
     message: 'OK',
     header: 
      { 'access-control-allow-origin': 'http://localhost:8080',
        'access-control-allow-credentials': 'true',
        'access-control-allow-methods': 'GET,HEAD,PUT,POST,DELETE',
        'content-type': 'application/json; charset=utf-8' },
     body: { meta: [Object], data: [Array] } },
  ms: 7 }

[2018-10-22T23:27:21.929] [INFO] response 
{ clientIp: '::1',
  method: 'GET',
  url: '/api/v1/customManager/customs/?byDate=true',
  body: {},
  response: { status: 200,
     message: 'OK',
     header: 
      { 'access-control-allow-origin': 'http://localhost:8080',
        'access-control-allow-credentials': 'true',
        'access-control-allow-methods': 'GET,HEAD,PUT,POST,DELETE',
        'content-type': 'application/json; charset=utf-8' },
     body: { meta: [Object], data: [Array] } },
  ms: 19 }

[2018-10-22T23:43:24.887] [INFO] response 
{ clientIp: '::1',
  method: 'GET',
  url: '/api/v1/customManager/customs/?byDate=true',
  body: {},
  response: { status: 200,
     message: 'OK',
     header: 
      { 'access-control-allow-origin': 'http://localhost:8080',
        'access-control-allow-credentials': 'true',
        'access-control-allow-methods': 'GET,HEAD,PUT,POST,DELETE',
        'content-type': 'application/json; charset=utf-8' },
     body: { meta: [Object], data: [Array] } },
  ms: 457528 }

[2018-10-22T23:43:25.448] [INFO] response 
{ clientIp: '::1',
  method: 'GET',
  url: '/api/v1/customManager/customs/?byDate=true',
  body: {},
  response: { status: 200,
     message: 'OK',
     header: 
      { 'access-control-allow-origin': 'http://localhost:8080',
        'access-control-allow-credentials': 'true',
        'access-control-allow-methods': 'GET,HEAD,PUT,POST,DELETE',
        'content-type': 'application/json; charset=utf-8' },
     body: { meta: [Object], data: [Array] } },
  ms: 549 }

[2018-10-22T23:43:26.076] [INFO] response 
{ clientIp: '::1',
  method: 'GET',
  url: '/api/v1/customManager/customs/?byDate=true',
  body: {},
  response: { status: 200,
     message: 'OK',
     header: 
      { 'access-control-allow-origin': 'http://localhost:8080',
        'access-control-allow-credentials': 'true',
        'access-control-allow-methods': 'GET,HEAD,PUT,POST,DELETE',
        'content-type': 'application/json; charset=utf-8' },
     body: { meta: [Object], data: [Array] } },
  ms: 1175 }

[2018-10-22T23:43:27.123] [INFO] response 
{ clientIp: '::1',
  method: 'GET',
  url: '/api/v1/customManager/customs/?byDate=true',
  body: {},
  response: { status: 200,
     message: 'OK',
     header: 
      { 'access-control-allow-origin': 'http://localhost:8080',
        'access-control-allow-credentials': 'true',
        'access-control-allow-methods': 'GET,HEAD,PUT,POST,DELETE',
        'content-type': 'application/json; charset=utf-8' },
     body: { meta: [Object], data: [Array] } },
  ms: 2221 }

[2018-10-22T23:51:02.055] [INFO] response 
{ clientIp: '::1',
  method: 'GET',
  url: '/api/v1/customManager/customs/?byDate=true',
  body: {},
  response: { status: 200,
     message: 'OK',
     header: 
      { 'access-control-allow-origin': 'http://localhost:8080',
        'access-control-allow-credentials': 'true',
        'access-control-allow-methods': 'GET,HEAD,PUT,POST,DELETE',
        'content-type': 'application/json; charset=utf-8' },
     body: { meta: [Object], data: [Array] } },
  ms: 264260 }

[2018-10-22T23:51:02.740] [INFO] response 
{ clientIp: '::1',
  method: 'GET',
  url: '/api/v1/customManager/customs/?byDate=true',
  body: {},
  response: { status: 200,
     message: 'OK',
     header: 
      { 'access-control-allow-origin': 'http://localhost:8080',
        'access-control-allow-credentials': 'true',
        'access-control-allow-methods': 'GET,HEAD,PUT,POST,DELETE',
        'content-type': 'application/json; charset=utf-8' },
     body: { meta: [Object], data: [Array] } },
  ms: 679 }

[2018-10-22T23:51:03.179] [INFO] response 
{ clientIp: '::1',
  method: 'GET',
  url: '/api/v1/customManager/customs/?byDate=true',
  body: {},
  response: { status: 200,
     message: 'OK',
     header: 
      { 'access-control-allow-origin': 'http://localhost:8080',
        'access-control-allow-credentials': 'true',
        'access-control-allow-methods': 'GET,HEAD,PUT,POST,DELETE',
        'content-type': 'application/json; charset=utf-8' },
     body: { meta: [Object], data: [Array] } },
  ms: 1116 }

[2018-10-22T23:51:03.842] [INFO] response 
{ clientIp: '::1',
  method: 'GET',
  url: '/api/v1/customManager/customs/?byDate=true',
  body: {},
  response: { status: 200,
     message: 'OK',
     header: 
      { 'access-control-allow-origin': 'http://localhost:8080',
        'access-control-allow-credentials': 'true',
        'access-control-allow-methods': 'GET,HEAD,PUT,POST,DELETE',
        'content-type': 'application/json; charset=utf-8' },
     body: { meta: [Object], data: [Array] } },
  ms: 1777 }

[2018-10-22T23:51:39.485] [INFO] response 
{ clientIp: '::1',
  method: 'GET',
  url: '/api/v1/customManager/customs/?byDate=true',
  body: {},
  response: { status: 200,
     message: 'OK',
     header: 
      { 'access-control-allow-origin': 'http://localhost:8080',
        'access-control-allow-credentials': 'true',
        'access-control-allow-methods': 'GET,HEAD,PUT,POST,DELETE',
        'content-type': 'application/json; charset=utf-8' },
     body: { meta: [Object], data: [Array] } },
  ms: 5367 }

